[debug] [2021-06-04T17:24:18.668Z] ----------------------------------------------------------------------
[debug] [2021-06-04T17:24:18.669Z] Command:       C:\Program Files\nodejs\node.exe C:\Users\Santiago\AppData\Roaming\npm\node_modules\firebase-tools\lib\bin\firebase.js deploy --debug --only functions
[debug] [2021-06-04T17:24:18.670Z] CLI Version:   9.10.2
[debug] [2021-06-04T17:24:18.670Z] Platform:      win32
[debug] [2021-06-04T17:24:18.670Z] Node Version:  v12.16.0
[debug] [2021-06-04T17:24:18.671Z] Time:          Fri Jun 04 2021 14:24:18 GMT-0300 (GMT-03:00)
[debug] [2021-06-04T17:24:18.671Z] ----------------------------------------------------------------------
[debug] 
[debug] [2021-06-04T17:24:18.681Z] > command requires scopes: ["email","openid","https://www.googleapis.com/auth/cloudplatformprojects.readonly","https://www.googleapis.com/auth/firebase","https://www.googleapis.com/auth/cloud-platform"]
[debug] [2021-06-04T17:24:18.683Z] > authorizing via signed-in user (diuk.frias.santiago@gmail.com)
[debug] [2021-06-04T17:24:18.684Z] [iam] checking project virtualhockey for permissions ["cloudfunctions.functions.create","cloudfunctions.functions.delete","cloudfunctions.functions.get","cloudfunctions.functions.list","cloudfunctions.functions.update","cloudfunctions.operations.get","firebase.projects.get"]
[debug] [2021-06-04T17:24:18.687Z] >>> HTTP REQUEST POST https://cloudresourcemanager.googleapis.com/v1/projects/virtualhockey:testIamPermissions  
 {"permissions":["cloudfunctions.functions.create","cloudfunctions.functions.delete","cloudfunctions.functions.get","cloudfunctions.functions.list","cloudfunctions.functions.update","cloudfunctions.operations.get","firebase.projects.get"]}
[debug] [2021-06-04T17:24:19.729Z] <<< HTTP RESPONSE 200 {"content-type":"application/json; charset=UTF-8","vary":"X-Origin, Referer, Origin,Accept-Encoding","date":"Fri, 04 Jun 2021 17:24:16 GMT","server":"ESF","cache-control":"private","x-xss-protection":"0","x-frame-options":"SAMEORIGIN","x-content-type-options":"nosniff","server-timing":"gfet4t7; dur=922","alt-svc":"h3-29=\":443\"; ma=2592000,h3-T051=\":443\"; ma=2592000,h3-Q050=\":443\"; ma=2592000,h3-Q046=\":443\"; ma=2592000,h3-Q043=\":443\"; ma=2592000,quic=\":443\"; ma=2592000; v=\"46,43\"","accept-ranges":"none","transfer-encoding":"chunked"}
[debug] [2021-06-04T17:24:19.732Z] >>> HTTP REQUEST POST https://iam.googleapis.com/v1/projects/virtualhockey/serviceAccounts/virtualhockey@appspot.gserviceaccount.com:testIamPermissions  
 {"permissions":["iam.serviceAccounts.actAs"]}
[debug] [2021-06-04T17:24:20.715Z] <<< HTTP RESPONSE 200 {"content-type":"application/json; charset=UTF-8","vary":"X-Origin, Referer, Origin,Accept-Encoding","date":"Fri, 04 Jun 2021 17:24:17 GMT","server":"ESF","cache-control":"private","x-xss-protection":"0","x-frame-options":"SAMEORIGIN","x-content-type-options":"nosniff","alt-svc":"h3-29=\":443\"; ma=2592000,h3-T051=\":443\"; ma=2592000,h3-Q050=\":443\"; ma=2592000,h3-Q046=\":443\"; ma=2592000,h3-Q043=\":443\"; ma=2592000,quic=\":443\"; ma=2592000; v=\"46,43\"","accept-ranges":"none","transfer-encoding":"chunked"}
[warn] !  functions: package.json indicates an outdated version of firebase-functions.
Please upgrade using npm install --save firebase-functions@latest in your functions directory. 
[info] 
[info] === Deploying to 'virtualhockey'...
[info] 
[info] i  deploying functions 
[info] i  functions: ensuring required API cloudfunctions.googleapis.com is enabled... 
[info] i  functions: ensuring required API cloudbuild.googleapis.com is enabled... 
[debug] [2021-06-04T17:24:25.241Z] >>> HTTP REQUEST GET https://serviceusage.googleapis.com/v1/projects/virtualhockey/services/cloudfunctions.googleapis.com  
 
[debug] [2021-06-04T17:24:25.242Z] >>> HTTP REQUEST GET https://serviceusage.googleapis.com/v1/projects/virtualhockey/services/runtimeconfig.googleapis.com  
 
[debug] [2021-06-04T17:24:25.243Z] >>> HTTP REQUEST GET https://serviceusage.googleapis.com/v1/projects/virtualhockey/services/cloudbuild.googleapis.com  
 
[debug] [2021-06-04T17:24:26.469Z] <<< HTTP RESPONSE 200 {"content-type":"application/json; charset=UTF-8","vary":"X-Origin, Referer, Origin,Accept-Encoding","date":"Fri, 04 Jun 2021 17:24:23 GMT","server":"ESF","cache-control":"private","x-xss-protection":"0","x-frame-options":"SAMEORIGIN","x-content-type-options":"nosniff","alt-svc":"h3-29=\":443\"; ma=2592000,h3-T051=\":443\"; ma=2592000,h3-Q050=\":443\"; ma=2592000,h3-Q046=\":443\"; ma=2592000,h3-Q043=\":443\"; ma=2592000,quic=\":443\"; ma=2592000; v=\"46,43\"","accept-ranges":"none","transfer-encoding":"chunked"}
[debug] [2021-06-04T17:24:26.493Z] <<< HTTP RESPONSE 200 {"content-type":"application/json; charset=UTF-8","vary":"X-Origin, Referer, Origin,Accept-Encoding","date":"Fri, 04 Jun 2021 17:24:23 GMT","server":"ESF","cache-control":"private","x-xss-protection":"0","x-frame-options":"SAMEORIGIN","x-content-type-options":"nosniff","alt-svc":"h3-29=\":443\"; ma=2592000,h3-T051=\":443\"; ma=2592000,h3-Q050=\":443\"; ma=2592000,h3-Q046=\":443\"; ma=2592000,h3-Q043=\":443\"; ma=2592000,quic=\":443\"; ma=2592000; v=\"46,43\"","accept-ranges":"none","transfer-encoding":"chunked"}
[info] +  functions: required API cloudbuild.googleapis.com is enabled 
[debug] [2021-06-04T17:24:26.511Z] <<< HTTP RESPONSE 200 {"content-type":"application/json; charset=UTF-8","vary":"X-Origin, Referer, Origin,Accept-Encoding","date":"Fri, 04 Jun 2021 17:24:23 GMT","server":"ESF","cache-control":"private","x-xss-protection":"0","x-frame-options":"SAMEORIGIN","x-content-type-options":"nosniff","alt-svc":"h3-29=\":443\"; ma=2592000,h3-T051=\":443\"; ma=2592000,h3-Q050=\":443\"; ma=2592000,h3-Q046=\":443\"; ma=2592000,h3-Q043=\":443\"; ma=2592000,quic=\":443\"; ma=2592000; v=\"46,43\"","accept-ranges":"none","transfer-encoding":"chunked"}
[info] +  functions: required API cloudfunctions.googleapis.com is enabled 
[debug] [2021-06-04T17:24:26.514Z] >>> HTTP REQUEST GET https://firebase.googleapis.com/v1beta1/projects/virtualhockey/adminSdkConfig  
 
[debug] [2021-06-04T17:24:27.569Z] <<< HTTP RESPONSE 200 {"content-type":"application/json; charset=UTF-8","vary":"X-Origin, Referer, Origin,Accept-Encoding","date":"Fri, 04 Jun 2021 17:24:24 GMT","server":"ESF","cache-control":"private","x-xss-protection":"0","x-frame-options":"SAMEORIGIN","x-content-type-options":"nosniff","alt-svc":"h3-29=\":443\"; ma=2592000,h3-T051=\":443\"; ma=2592000,h3-Q050=\":443\"; ma=2592000,h3-Q046=\":443\"; ma=2592000,h3-Q043=\":443\"; ma=2592000,quic=\":443\"; ma=2592000; v=\"46,43\"","accept-ranges":"none","transfer-encoding":"chunked"}
[info] i  functions: preparing functions directory for uploading... 
[debug] [2021-06-04T17:24:27.578Z] >>> HTTP REQUEST GET https://runtimeconfig.googleapis.com/v1beta1/projects/virtualhockey/configs  
 
[debug] [2021-06-04T17:24:28.032Z] <<< HTTP RESPONSE 200 {"content-type":"application/json; charset=UTF-8","vary":"X-Origin, Referer, Origin,Accept-Encoding","date":"Fri, 04 Jun 2021 17:24:25 GMT","server":"ESF","cache-control":"private","x-xss-protection":"0","x-frame-options":"SAMEORIGIN","x-content-type-options":"nosniff","alt-svc":"h3-29=\":443\"; ma=2592000,h3-T051=\":443\"; ma=2592000,h3-Q050=\":443\"; ma=2592000,h3-Q046=\":443\"; ma=2592000,h3-Q043=\":443\"; ma=2592000,quic=\":443\"; ma=2592000; v=\"46,43\"","accept-ranges":"none","transfer-encoding":"chunked"}
[debug] [2021-06-04T17:24:28.040Z] >>> HTTP REQUEST GET https://runtimeconfig.googleapis.com/v1beta1/projects/virtualhockey/configs/stripe/variables  
 
[debug] [2021-06-04T17:24:28.360Z] <<< HTTP RESPONSE 200 {"content-type":"application/json; charset=UTF-8","vary":"X-Origin, Referer, Origin,Accept-Encoding","date":"Fri, 04 Jun 2021 17:24:25 GMT","server":"ESF","cache-control":"private","x-xss-protection":"0","x-frame-options":"SAMEORIGIN","x-content-type-options":"nosniff","alt-svc":"h3-29=\":443\"; ma=2592000,h3-T051=\":443\"; ma=2592000,h3-Q050=\":443\"; ma=2592000,h3-Q046=\":443\"; ma=2592000,h3-Q043=\":443\"; ma=2592000,quic=\":443\"; ma=2592000; v=\"46,43\"","accept-ranges":"none","transfer-encoding":"chunked"}
[debug] [2021-06-04T17:24:28.367Z] >>> HTTP REQUEST GET https://runtimeconfig.googleapis.com/v1beta1/projects/virtualhockey/configs/stripe/variables/secret  
 
[debug] [2021-06-04T17:24:28.681Z] <<< HTTP RESPONSE 200 {"content-type":"application/json; charset=UTF-8","vary":"X-Origin, Referer, Origin,Accept-Encoding","date":"Fri, 04 Jun 2021 17:24:25 GMT","server":"ESF","cache-control":"private","x-xss-protection":"0","x-frame-options":"SAMEORIGIN","x-content-type-options":"nosniff","alt-svc":"h3-29=\":443\"; ma=2592000,h3-T051=\":443\"; ma=2592000,h3-Q050=\":443\"; ma=2592000,h3-Q046=\":443\"; ma=2592000,h3-Q043=\":443\"; ma=2592000,quic=\":443\"; ma=2592000; v=\"46,43\"","accept-ranges":"none","transfer-encoding":"chunked"}
[info] i  functions: packaged functions (25.46 KB) for uploading 
[debug] [2021-06-04T17:24:29.087Z] > [functions] package.json contents: {
  "name": "functions",
  "description": "Cloud Functions for Firebase",
  "scripts": {
    "serve": "firebase emulators:start --only functions",
    "shell": "firebase functions:shell",
    "start": "npm run shell",
    "deploy": "firebase deploy --only functions",
    "logs": "firebase functions:log"
  },
  "engines": {
    "node": "12"
  },
  "main": "index.js",
  "dependencies": {
    "firebase-admin": "^9.2.0",
    "firebase-functions": "^3.11.0",
    "stripe": "^8.148.0"
  },
  "devDependencies": {
    "firebase-functions-test": "^0.2.0"
  },
  "private": true
}
[debug] [2021-06-04T17:24:29.093Z] >>> HTTP REQUEST GET https://cloudfunctions.googleapis.com/v1/projects/virtualhockey/locations/-/functions  
 
[debug] [2021-06-04T17:24:30.096Z] <<< HTTP RESPONSE 200 {"content-type":"application/json; charset=UTF-8","vary":"X-Origin, Referer, Origin,Accept-Encoding","date":"Fri, 04 Jun 2021 17:24:27 GMT","server":"ESF","cache-control":"private","x-xss-protection":"0","x-frame-options":"SAMEORIGIN","x-content-type-options":"nosniff","alt-svc":"h3-29=\":443\"; ma=2592000,h3-T051=\":443\"; ma=2592000,h3-Q050=\":443\"; ma=2592000,h3-Q046=\":443\"; ma=2592000,h3-Q043=\":443\"; ma=2592000,quic=\":443\"; ma=2592000; v=\"46,43\"","accept-ranges":"none","transfer-encoding":"chunked"}
[debug] [2021-06-04T17:24:30.099Z] >>> HTTP REQUEST POST https://cloudfunctions.googleapis.com/v1/projects/virtualhockey/locations/us-central1/functions:generateUploadUrl  
 
[debug] [2021-06-04T17:24:31.037Z] <<< HTTP RESPONSE 200 {"content-type":"application/json; charset=UTF-8","vary":"X-Origin, Referer, Origin,Accept-Encoding","date":"Fri, 04 Jun 2021 17:24:28 GMT","server":"ESF","cache-control":"private","x-xss-protection":"0","x-frame-options":"SAMEORIGIN","x-content-type-options":"nosniff","alt-svc":"h3-29=\":443\"; ma=2592000,h3-T051=\":443\"; ma=2592000,h3-Q050=\":443\"; ma=2592000,h3-Q046=\":443\"; ma=2592000,h3-Q043=\":443\"; ma=2592000,quic=\":443\"; ma=2592000; v=\"46,43\"","accept-ranges":"none","transfer-encoding":"chunked"}
[debug] [2021-06-04T17:24:31.044Z] >>> HTTP REQUEST PUT https://storage.googleapis.com/gcf-upload-us-central1-82671196-6373-4795-9f9e-069c8b86e4f0/d80e7cd8-0a35-4d3b-b28e-98d587fcc749.zip?GoogleAccessId=service-405449447383@gcf-admin-robot.iam.gserviceaccount.com&Expires=1622829267&Signature=RW939EUTi7KDazV%2FTntI07jn7vgZbWzOzct%2FqRWpDIyIuyrzmdbz7JiA%2FBO85zIkFSMkKPfV1CkXD1bLfLfJ6lHJCCFRkmhxQU6g9f0cHxQ08rmHPo6CvcPoPa67Ii5l8Ddie%2F6MeEg1JsROV7kMCvntF9CrUQIlDXu9Isnmhp37UwKUjwH4hzeusDdeT9DyaYBrDvv3wOAopdtaNfpGlr92iDYEgR0kvk9g%2F9qe%2BBEwJv4W%2BVmsTVKinkgAMdhUFzdhdafyQlcmeKUNyqfNgR00QuYk%2Fqo%2FGeOwH73QCPVByVWDrBTlEk7AE4ra7O5ZoN5EARuvgoEWecLqJquq5Q%3D%3D  
 <request body omitted>
[debug] [2021-06-04T17:24:31.446Z] <<< HTTP RESPONSE 200 {"x-guploader-uploadid":"ABg5-Uxvy64joEyCEqEdv4TOuXQYY8nNHnFXzMSRCrqtqi4UnLYgBUXeZBohSYSoyg7RW7mv7nLwKJNpXpO1T82Tt_4_0e8vig","etag":"\"18d0089dd02c539460c9c814eb1af148\"","x-goog-generation":"1622827468430270","x-goog-metageneration":"1","x-goog-hash":"crc32c=VOMsnw==, md5=GNAIndAsU5RgycgU6xrxSA==","x-goog-stored-content-length":"26071","x-goog-stored-content-encoding":"identity","vary":"Origin","content-length":"0","date":"Fri, 04 Jun 2021 17:24:28 GMT","server":"UploadServer","content-type":"text/html; charset=UTF-8","alt-svc":"h3-29=\":443\"; ma=2592000,h3-T051=\":443\"; ma=2592000,h3-Q050=\":443\"; ma=2592000,h3-Q046=\":443\"; ma=2592000,h3-Q043=\":443\"; ma=2592000,quic=\":443\"; ma=2592000; v=\"46,43\""}
[info] +  functions: functions folder uploaded successfully 
[info] i  functions: updating Node.js 12 function app(us-central1)... 
[debug] [2021-06-04T17:24:31.458Z] >>> HTTP REQUEST PATCH https://cloudfunctions.googleapis.com/v1/projects/virtualhockey/locations/us-central1/functions/app {"updateMask":"sourceUploadUrl,name,labels,runtime,environmentVariables,httpsTrigger"} 
 {"sourceUploadUrl":"https://storage.googleapis.com/gcf-upload-us-central1-82671196-6373-4795-9f9e-069c8b86e4f0/d80e7cd8-0a35-4d3b-b28e-98d587fcc749.zip?GoogleAccessId=service-405449447383@gcf-admin-robot.iam.gserviceaccount.com&Expires=1622829267&Signature=RW939EUTi7KDazV%2FTntI07jn7vgZbWzOzct%2FqRWpDIyIuyrzmdbz7JiA%2FBO85zIkFSMkKPfV1CkXD1bLfLfJ6lHJCCFRkmhxQU6g9f0cHxQ08rmHPo6CvcPoPa67Ii5l8Ddie%2F6MeEg1JsROV7kMCvntF9CrUQIlDXu9Isnmhp37UwKUjwH4hzeusDdeT9DyaYBrDvv3wOAopdtaNfpGlr92iDYEgR0kvk9g%2F9qe%2BBEwJv4W%2BVmsTVKinkgAMdhUFzdhdafyQlcmeKUNyqfNgR00QuYk%2Fqo%2FGeOwH73QCPVByVWDrBTlEk7AE4ra7O5ZoN5EARuvgoEWecLqJquq5Q%3D%3D","name":"projects/virtualhockey/locations/us-central1/functions/app","labels":{"deployment-tool":"cli-firebase"},"httpsTrigger":{},"runtime":"nodejs12","environmentVariables":{"FIREBASE_CONFIG":"{\"projectId\":\"virtualhockey\",\"storageBucket\":\"virtualhockey.appspot.com\",\"locationId\":\"us-central\"}"}}
[debug] [2021-06-04T17:24:32.189Z] <<< HTTP RESPONSE 200 {"content-type":"application/json; charset=UTF-8","vary":"X-Origin, Referer, Origin,Accept-Encoding","date":"Fri, 04 Jun 2021 17:24:29 GMT","server":"ESF","cache-control":"private","x-xss-protection":"0","x-frame-options":"SAMEORIGIN","x-content-type-options":"nosniff","alt-svc":"h3-29=\":443\"; ma=2592000,h3-T051=\":443\"; ma=2592000,h3-Q050=\":443\"; ma=2592000,h3-Q046=\":443\"; ma=2592000,h3-Q043=\":443\"; ma=2592000,quic=\":443\"; ma=2592000; v=\"46,43\"","accept-ranges":"none","transfer-encoding":"chunked"}
[debug] [2021-06-04T17:24:32.197Z] > refreshing access token with scopes: []
[debug] [2021-06-04T17:24:32.198Z] >>> HTTP REQUEST POST https://www.googleapis.com/oauth2/v3/token  
 <request body omitted>
[debug] [2021-06-04T17:24:32.331Z] <<< HTTP RESPONSE 200 {"cache-control":"no-cache, no-store, max-age=0, must-revalidate","pragma":"no-cache","date":"Fri, 04 Jun 2021 17:24:29 GMT","expires":"Mon, 01 Jan 1990 00:00:00 GMT","content-type":"application/json; charset=utf-8","vary":"X-Origin, Referer, Origin,Accept-Encoding","server":"scaffolding on HTTPServer2","x-xss-protection":"0","x-frame-options":"SAMEORIGIN","x-content-type-options":"nosniff","alt-svc":"h3-29=\":443\"; ma=2592000,h3-T051=\":443\"; ma=2592000,h3-Q050=\":443\"; ma=2592000,h3-Q046=\":443\"; ma=2592000,h3-Q043=\":443\"; ma=2592000,quic=\":443\"; ma=2592000; v=\"46,43\"","accept-ranges":"none","transfer-encoding":"chunked"}
[debug] [2021-06-04T17:24:32.344Z] >>> [apiv2][query] GET https://cloudfunctions.googleapis.com/v1/operations/dmlydHVhbGhvY2tleS91cy1jZW50cmFsMS9hcHAvdXlkMktHZXJqLVU [none]
[debug] [2021-06-04T17:24:33.018Z] <<< [apiv2][status] GET https://cloudfunctions.googleapis.com/v1/operations/dmlydHVhbGhvY2tleS91cy1jZW50cmFsMS9hcHAvdXlkMktHZXJqLVU 200
[debug] [2021-06-04T17:24:33.021Z] <<< [apiv2][body] GET https://cloudfunctions.googleapis.com/v1/operations/dmlydHVhbGhvY2tleS91cy1jZW50cmFsMS9hcHAvdXlkMktHZXJqLVU {"name":"operations/dmlydHVhbGhvY2tleS91cy1jZW50cmFsMS9hcHAvdXlkMktHZXJqLVU","metadata":{"@type":"type.googleapis.com/google.cloud.functions.v1.OperationMetadataV1","target":"projects/virtualhockey/locations/us-central1/functions/app","type":"UPDATE_FUNCTION","request":{"@type":"type.googleapis.com/google.cloud.functions.v1.CloudFunction","name":"projects/virtualhockey/locations/us-central1/functions/app","httpsTrigger":{},"status":"ACTIVE","entryPoint":"app","timeout":"60s","availableMemoryMb":256,"serviceAccountEmail":"virtualhockey@appspot.gserviceaccount.com","updateTime":"2021-05-15T18:38:22.943Z","versionId":"1","labels":{"deployment-tool":"cli-firebase"},"sourceUploadUrl":"https://storage.googleapis.com/gcf-upload-us-central1-82671196-6373-4795-9f9e-069c8b86e4f0/d80e7cd8-0a35-4d3b-b28e-98d587fcc749.zip?GoogleAccessId=service-405449447383@gcf-admin-robot.iam.gserviceaccount.com&Expires=1622829267&Signature=RW939EUTi7KDazV%2FTntI07jn7vgZbWzOzct%2FqRWpDIyIuyrzmdbz7JiA%2FBO85zIkFSMkKPfV1CkXD1bLfLfJ6lHJCCFRkmhxQU6g9f0cHxQ08rmHPo6CvcPoPa67Ii5l8Ddie%2F6MeEg1JsROV7kMCvntF9CrUQIlDXu9Isnmhp37UwKUjwH4hzeusDdeT9DyaYBrDvv3wOAopdtaNfpGlr92iDYEgR0kvk9g%2F9qe%2BBEwJv4W%2BVmsTVKinkgAMdhUFzdhdafyQlcmeKUNyqfNgR00QuYk%2Fqo%2FGeOwH73QCPVByVWDrBTlEk7AE4ra7O5ZoN5EARuvgoEWecLqJquq5Q%3D%3D","environmentVariables":{"FIREBASE_CONFIG":"{\"projectId\":\"virtualhockey\",\"storageBucket\":\"virtualhockey.appspot.com\",\"locationId\":\"us-central\"}"},"runtime":"nodejs12","ingressSettings":"ALLOW_ALL","buildId":"7c6cd96e-1623-4630-89ca-e46d75edcf70"},"versionId":"5","updateTime":"2021-06-04T17:24:29Z","buildId":"4ca16731-8257-4c49-9a4f-08aef7c48bc8","buildName":"projects/405449447383/locations/us-central1/builds/4ca16731-8257-4c49-9a4f-08aef7c48bc8"}}
[debug] [2021-06-04T17:24:33.539Z] [update-projects/virtualhockey/locations/us-central1/functions/app] Retrying task index 0
[debug] [2021-06-04T17:24:33.542Z] >>> [apiv2][query] GET https://cloudfunctions.googleapis.com/v1/operations/dmlydHVhbGhvY2tleS91cy1jZW50cmFsMS9hcHAvdXlkMktHZXJqLVU [none]
[debug] [2021-06-04T17:24:34.177Z] <<< [apiv2][status] GET https://cloudfunctions.googleapis.com/v1/operations/dmlydHVhbGhvY2tleS91cy1jZW50cmFsMS9hcHAvdXlkMktHZXJqLVU 200
[debug] [2021-06-04T17:24:34.178Z] <<< [apiv2][body] GET https://cloudfunctions.googleapis.com/v1/operations/dmlydHVhbGhvY2tleS91cy1jZW50cmFsMS9hcHAvdXlkMktHZXJqLVU {"name":"operations/dmlydHVhbGhvY2tleS91cy1jZW50cmFsMS9hcHAvdXlkMktHZXJqLVU","metadata":{"@type":"type.googleapis.com/google.cloud.functions.v1.OperationMetadataV1","target":"projects/virtualhockey/locations/us-central1/functions/app","type":"UPDATE_FUNCTION","request":{"@type":"type.googleapis.com/google.cloud.functions.v1.CloudFunction","name":"projects/virtualhockey/locations/us-central1/functions/app","httpsTrigger":{},"status":"ACTIVE","entryPoint":"app","timeout":"60s","availableMemoryMb":256,"serviceAccountEmail":"virtualhockey@appspot.gserviceaccount.com","updateTime":"2021-05-15T18:38:22.943Z","versionId":"1","labels":{"deployment-tool":"cli-firebase"},"sourceUploadUrl":"https://storage.googleapis.com/gcf-upload-us-central1-82671196-6373-4795-9f9e-069c8b86e4f0/d80e7cd8-0a35-4d3b-b28e-98d587fcc749.zip?GoogleAccessId=service-405449447383@gcf-admin-robot.iam.gserviceaccount.com&Expires=1622829267&Signature=RW939EUTi7KDazV%2FTntI07jn7vgZbWzOzct%2FqRWpDIyIuyrzmdbz7JiA%2FBO85zIkFSMkKPfV1CkXD1bLfLfJ6lHJCCFRkmhxQU6g9f0cHxQ08rmHPo6CvcPoPa67Ii5l8Ddie%2F6MeEg1JsROV7kMCvntF9CrUQIlDXu9Isnmhp37UwKUjwH4hzeusDdeT9DyaYBrDvv3wOAopdtaNfpGlr92iDYEgR0kvk9g%2F9qe%2BBEwJv4W%2BVmsTVKinkgAMdhUFzdhdafyQlcmeKUNyqfNgR00QuYk%2Fqo%2FGeOwH73QCPVByVWDrBTlEk7AE4ra7O5ZoN5EARuvgoEWecLqJquq5Q%3D%3D","environmentVariables":{"FIREBASE_CONFIG":"{\"projectId\":\"virtualhockey\",\"storageBucket\":\"virtualhockey.appspot.com\",\"locationId\":\"us-central\"}"},"runtime":"nodejs12","ingressSettings":"ALLOW_ALL","buildId":"7c6cd96e-1623-4630-89ca-e46d75edcf70"},"versionId":"5","updateTime":"2021-06-04T17:24:29Z","buildId":"4ca16731-8257-4c49-9a4f-08aef7c48bc8","buildName":"projects/405449447383/locations/us-central1/builds/4ca16731-8257-4c49-9a4f-08aef7c48bc8"}}
[debug] [2021-06-04T17:24:35.185Z] [update-projects/virtualhockey/locations/us-central1/functions/app] Retrying task index 0
[debug] [2021-06-04T17:24:35.187Z] >>> [apiv2][query] GET https://cloudfunctions.googleapis.com/v1/operations/dmlydHVhbGhvY2tleS91cy1jZW50cmFsMS9hcHAvdXlkMktHZXJqLVU [none]
[debug] [2021-06-04T17:24:35.605Z] <<< [apiv2][status] GET https://cloudfunctions.googleapis.com/v1/operations/dmlydHVhbGhvY2tleS91cy1jZW50cmFsMS9hcHAvdXlkMktHZXJqLVU 200
[debug] [2021-06-04T17:24:35.606Z] <<< [apiv2][body] GET https://cloudfunctions.googleapis.com/v1/operations/dmlydHVhbGhvY2tleS91cy1jZW50cmFsMS9hcHAvdXlkMktHZXJqLVU {"name":"operations/dmlydHVhbGhvY2tleS91cy1jZW50cmFsMS9hcHAvdXlkMktHZXJqLVU","metadata":{"@type":"type.googleapis.com/google.cloud.functions.v1.OperationMetadataV1","target":"projects/virtualhockey/locations/us-central1/functions/app","type":"UPDATE_FUNCTION","request":{"@type":"type.googleapis.com/google.cloud.functions.v1.CloudFunction","name":"projects/virtualhockey/locations/us-central1/functions/app","httpsTrigger":{},"status":"ACTIVE","entryPoint":"app","timeout":"60s","availableMemoryMb":256,"serviceAccountEmail":"virtualhockey@appspot.gserviceaccount.com","updateTime":"2021-05-15T18:38:22.943Z","versionId":"1","labels":{"deployment-tool":"cli-firebase"},"sourceUploadUrl":"https://storage.googleapis.com/gcf-upload-us-central1-82671196-6373-4795-9f9e-069c8b86e4f0/d80e7cd8-0a35-4d3b-b28e-98d587fcc749.zip?GoogleAccessId=service-405449447383@gcf-admin-robot.iam.gserviceaccount.com&Expires=1622829267&Signature=RW939EUTi7KDazV%2FTntI07jn7vgZbWzOzct%2FqRWpDIyIuyrzmdbz7JiA%2FBO85zIkFSMkKPfV1CkXD1bLfLfJ6lHJCCFRkmhxQU6g9f0cHxQ08rmHPo6CvcPoPa67Ii5l8Ddie%2F6MeEg1JsROV7kMCvntF9CrUQIlDXu9Isnmhp37UwKUjwH4hzeusDdeT9DyaYBrDvv3wOAopdtaNfpGlr92iDYEgR0kvk9g%2F9qe%2BBEwJv4W%2BVmsTVKinkgAMdhUFzdhdafyQlcmeKUNyqfNgR00QuYk%2Fqo%2FGeOwH73QCPVByVWDrBTlEk7AE4ra7O5ZoN5EARuvgoEWecLqJquq5Q%3D%3D","environmentVariables":{"FIREBASE_CONFIG":"{\"projectId\":\"virtualhockey\",\"storageBucket\":\"virtualhockey.appspot.com\",\"locationId\":\"us-central\"}"},"runtime":"nodejs12","ingressSettings":"ALLOW_ALL","buildId":"7c6cd96e-1623-4630-89ca-e46d75edcf70"},"versionId":"5","updateTime":"2021-06-04T17:24:29Z","buildId":"4ca16731-8257-4c49-9a4f-08aef7c48bc8","buildName":"projects/405449447383/locations/us-central1/builds/4ca16731-8257-4c49-9a4f-08aef7c48bc8"}}
[debug] [2021-06-04T17:24:37.618Z] [update-projects/virtualhockey/locations/us-central1/functions/app] Retrying task index 0
[debug] [2021-06-04T17:24:37.619Z] >>> [apiv2][query] GET https://cloudfunctions.googleapis.com/v1/operations/dmlydHVhbGhvY2tleS91cy1jZW50cmFsMS9hcHAvdXlkMktHZXJqLVU [none]
[debug] [2021-06-04T17:24:38.211Z] <<< [apiv2][status] GET https://cloudfunctions.googleapis.com/v1/operations/dmlydHVhbGhvY2tleS91cy1jZW50cmFsMS9hcHAvdXlkMktHZXJqLVU 200
[debug] [2021-06-04T17:24:38.214Z] <<< [apiv2][body] GET https://cloudfunctions.googleapis.com/v1/operations/dmlydHVhbGhvY2tleS91cy1jZW50cmFsMS9hcHAvdXlkMktHZXJqLVU {"name":"operations/dmlydHVhbGhvY2tleS91cy1jZW50cmFsMS9hcHAvdXlkMktHZXJqLVU","metadata":{"@type":"type.googleapis.com/google.cloud.functions.v1.OperationMetadataV1","target":"projects/virtualhockey/locations/us-central1/functions/app","type":"UPDATE_FUNCTION","request":{"@type":"type.googleapis.com/google.cloud.functions.v1.CloudFunction","name":"projects/virtualhockey/locations/us-central1/functions/app","httpsTrigger":{},"status":"ACTIVE","entryPoint":"app","timeout":"60s","availableMemoryMb":256,"serviceAccountEmail":"virtualhockey@appspot.gserviceaccount.com","updateTime":"2021-05-15T18:38:22.943Z","versionId":"1","labels":{"deployment-tool":"cli-firebase"},"sourceUploadUrl":"https://storage.googleapis.com/gcf-upload-us-central1-82671196-6373-4795-9f9e-069c8b86e4f0/d80e7cd8-0a35-4d3b-b28e-98d587fcc749.zip?GoogleAccessId=service-405449447383@gcf-admin-robot.iam.gserviceaccount.com&Expires=1622829267&Signature=RW939EUTi7KDazV%2FTntI07jn7vgZbWzOzct%2FqRWpDIyIuyrzmdbz7JiA%2FBO85zIkFSMkKPfV1CkXD1bLfLfJ6lHJCCFRkmhxQU6g9f0cHxQ08rmHPo6CvcPoPa67Ii5l8Ddie%2F6MeEg1JsROV7kMCvntF9CrUQIlDXu9Isnmhp37UwKUjwH4hzeusDdeT9DyaYBrDvv3wOAopdtaNfpGlr92iDYEgR0kvk9g%2F9qe%2BBEwJv4W%2BVmsTVKinkgAMdhUFzdhdafyQlcmeKUNyqfNgR00QuYk%2Fqo%2FGeOwH73QCPVByVWDrBTlEk7AE4ra7O5ZoN5EARuvgoEWecLqJquq5Q%3D%3D","environmentVariables":{"FIREBASE_CONFIG":"{\"projectId\":\"virtualhockey\",\"storageBucket\":\"virtualhockey.appspot.com\",\"locationId\":\"us-central\"}"},"runtime":"nodejs12","ingressSettings":"ALLOW_ALL","buildId":"7c6cd96e-1623-4630-89ca-e46d75edcf70"},"versionId":"5","updateTime":"2021-06-04T17:24:29Z","buildId":"4ca16731-8257-4c49-9a4f-08aef7c48bc8","buildName":"projects/405449447383/locations/us-central1/builds/4ca16731-8257-4c49-9a4f-08aef7c48bc8"}}
[debug] [2021-06-04T17:24:42.226Z] [update-projects/virtualhockey/locations/us-central1/functions/app] Retrying task index 0
[debug] [2021-06-04T17:24:42.229Z] >>> [apiv2][query] GET https://cloudfunctions.googleapis.com/v1/operations/dmlydHVhbGhvY2tleS91cy1jZW50cmFsMS9hcHAvdXlkMktHZXJqLVU [none]
[debug] [2021-06-04T17:24:42.882Z] <<< [apiv2][status] GET https://cloudfunctions.googleapis.com/v1/operations/dmlydHVhbGhvY2tleS91cy1jZW50cmFsMS9hcHAvdXlkMktHZXJqLVU 200
[debug] [2021-06-04T17:24:42.883Z] <<< [apiv2][body] GET https://cloudfunctions.googleapis.com/v1/operations/dmlydHVhbGhvY2tleS91cy1jZW50cmFsMS9hcHAvdXlkMktHZXJqLVU {"name":"operations/dmlydHVhbGhvY2tleS91cy1jZW50cmFsMS9hcHAvdXlkMktHZXJqLVU","metadata":{"@type":"type.googleapis.com/google.cloud.functions.v1.OperationMetadataV1","target":"projects/virtualhockey/locations/us-central1/functions/app","type":"UPDATE_FUNCTION","request":{"@type":"type.googleapis.com/google.cloud.functions.v1.CloudFunction","name":"projects/virtualhockey/locations/us-central1/functions/app","httpsTrigger":{},"status":"ACTIVE","entryPoint":"app","timeout":"60s","availableMemoryMb":256,"serviceAccountEmail":"virtualhockey@appspot.gserviceaccount.com","updateTime":"2021-05-15T18:38:22.943Z","versionId":"1","labels":{"deployment-tool":"cli-firebase"},"sourceUploadUrl":"https://storage.googleapis.com/gcf-upload-us-central1-82671196-6373-4795-9f9e-069c8b86e4f0/d80e7cd8-0a35-4d3b-b28e-98d587fcc749.zip?GoogleAccessId=service-405449447383@gcf-admin-robot.iam.gserviceaccount.com&Expires=1622829267&Signature=RW939EUTi7KDazV%2FTntI07jn7vgZbWzOzct%2FqRWpDIyIuyrzmdbz7JiA%2FBO85zIkFSMkKPfV1CkXD1bLfLfJ6lHJCCFRkmhxQU6g9f0cHxQ08rmHPo6CvcPoPa67Ii5l8Ddie%2F6MeEg1JsROV7kMCvntF9CrUQIlDXu9Isnmhp37UwKUjwH4hzeusDdeT9DyaYBrDvv3wOAopdtaNfpGlr92iDYEgR0kvk9g%2F9qe%2BBEwJv4W%2BVmsTVKinkgAMdhUFzdhdafyQlcmeKUNyqfNgR00QuYk%2Fqo%2FGeOwH73QCPVByVWDrBTlEk7AE4ra7O5ZoN5EARuvgoEWecLqJquq5Q%3D%3D","environmentVariables":{"FIREBASE_CONFIG":"{\"projectId\":\"virtualhockey\",\"storageBucket\":\"virtualhockey.appspot.com\",\"locationId\":\"us-central\"}"},"runtime":"nodejs12","ingressSettings":"ALLOW_ALL","buildId":"7c6cd96e-1623-4630-89ca-e46d75edcf70"},"versionId":"5","updateTime":"2021-06-04T17:24:29Z","buildId":"4ca16731-8257-4c49-9a4f-08aef7c48bc8","buildName":"projects/405449447383/locations/us-central1/builds/4ca16731-8257-4c49-9a4f-08aef7c48bc8"}}
[debug] [2021-06-04T17:24:50.895Z] [update-projects/virtualhockey/locations/us-central1/functions/app] Retrying task index 0
[debug] [2021-06-04T17:24:50.896Z] >>> [apiv2][query] GET https://cloudfunctions.googleapis.com/v1/operations/dmlydHVhbGhvY2tleS91cy1jZW50cmFsMS9hcHAvdXlkMktHZXJqLVU [none]
[debug] [2021-06-04T17:24:51.483Z] <<< [apiv2][status] GET https://cloudfunctions.googleapis.com/v1/operations/dmlydHVhbGhvY2tleS91cy1jZW50cmFsMS9hcHAvdXlkMktHZXJqLVU 200
[debug] [2021-06-04T17:24:51.484Z] <<< [apiv2][body] GET https://cloudfunctions.googleapis.com/v1/operations/dmlydHVhbGhvY2tleS91cy1jZW50cmFsMS9hcHAvdXlkMktHZXJqLVU {"name":"operations/dmlydHVhbGhvY2tleS91cy1jZW50cmFsMS9hcHAvdXlkMktHZXJqLVU","metadata":{"@type":"type.googleapis.com/google.cloud.functions.v1.OperationMetadataV1","target":"projects/virtualhockey/locations/us-central1/functions/app","type":"UPDATE_FUNCTION","request":{"@type":"type.googleapis.com/google.cloud.functions.v1.CloudFunction","name":"projects/virtualhockey/locations/us-central1/functions/app","httpsTrigger":{},"status":"ACTIVE","entryPoint":"app","timeout":"60s","availableMemoryMb":256,"serviceAccountEmail":"virtualhockey@appspot.gserviceaccount.com","updateTime":"2021-05-15T18:38:22.943Z","versionId":"1","labels":{"deployment-tool":"cli-firebase"},"sourceUploadUrl":"https://storage.googleapis.com/gcf-upload-us-central1-82671196-6373-4795-9f9e-069c8b86e4f0/d80e7cd8-0a35-4d3b-b28e-98d587fcc749.zip?GoogleAccessId=service-405449447383@gcf-admin-robot.iam.gserviceaccount.com&Expires=1622829267&Signature=RW939EUTi7KDazV%2FTntI07jn7vgZbWzOzct%2FqRWpDIyIuyrzmdbz7JiA%2FBO85zIkFSMkKPfV1CkXD1bLfLfJ6lHJCCFRkmhxQU6g9f0cHxQ08rmHPo6CvcPoPa67Ii5l8Ddie%2F6MeEg1JsROV7kMCvntF9CrUQIlDXu9Isnmhp37UwKUjwH4hzeusDdeT9DyaYBrDvv3wOAopdtaNfpGlr92iDYEgR0kvk9g%2F9qe%2BBEwJv4W%2BVmsTVKinkgAMdhUFzdhdafyQlcmeKUNyqfNgR00QuYk%2Fqo%2FGeOwH73QCPVByVWDrBTlEk7AE4ra7O5ZoN5EARuvgoEWecLqJquq5Q%3D%3D","environmentVariables":{"FIREBASE_CONFIG":"{\"projectId\":\"virtualhockey\",\"storageBucket\":\"virtualhockey.appspot.com\",\"locationId\":\"us-central\"}"},"runtime":"nodejs12","ingressSettings":"ALLOW_ALL","buildId":"7c6cd96e-1623-4630-89ca-e46d75edcf70"},"versionId":"5","updateTime":"2021-06-04T17:24:29Z","buildId":"4ca16731-8257-4c49-9a4f-08aef7c48bc8","buildName":"projects/405449447383/locations/us-central1/builds/4ca16731-8257-4c49-9a4f-08aef7c48bc8"}}
[debug] [2021-06-04T17:25:07.499Z] [update-projects/virtualhockey/locations/us-central1/functions/app] Retrying task index 0
[debug] [2021-06-04T17:25:07.502Z] >>> [apiv2][query] GET https://cloudfunctions.googleapis.com/v1/operations/dmlydHVhbGhvY2tleS91cy1jZW50cmFsMS9hcHAvdXlkMktHZXJqLVU [none]
[debug] [2021-06-04T17:25:08.119Z] <<< [apiv2][status] GET https://cloudfunctions.googleapis.com/v1/operations/dmlydHVhbGhvY2tleS91cy1jZW50cmFsMS9hcHAvdXlkMktHZXJqLVU 200
[debug] [2021-06-04T17:25:08.120Z] <<< [apiv2][body] GET https://cloudfunctions.googleapis.com/v1/operations/dmlydHVhbGhvY2tleS91cy1jZW50cmFsMS9hcHAvdXlkMktHZXJqLVU {"name":"operations/dmlydHVhbGhvY2tleS91cy1jZW50cmFsMS9hcHAvdXlkMktHZXJqLVU","metadata":{"@type":"type.googleapis.com/google.cloud.functions.v1.OperationMetadataV1","target":"projects/virtualhockey/locations/us-central1/functions/app","type":"UPDATE_FUNCTION","request":{"@type":"type.googleapis.com/google.cloud.functions.v1.CloudFunction","name":"projects/virtualhockey/locations/us-central1/functions/app","httpsTrigger":{},"status":"ACTIVE","entryPoint":"app","timeout":"60s","availableMemoryMb":256,"serviceAccountEmail":"virtualhockey@appspot.gserviceaccount.com","updateTime":"2021-05-15T18:38:22.943Z","versionId":"1","labels":{"deployment-tool":"cli-firebase"},"sourceUploadUrl":"https://storage.googleapis.com/gcf-upload-us-central1-82671196-6373-4795-9f9e-069c8b86e4f0/d80e7cd8-0a35-4d3b-b28e-98d587fcc749.zip?GoogleAccessId=service-405449447383@gcf-admin-robot.iam.gserviceaccount.com&Expires=1622829267&Signature=RW939EUTi7KDazV%2FTntI07jn7vgZbWzOzct%2FqRWpDIyIuyrzmdbz7JiA%2FBO85zIkFSMkKPfV1CkXD1bLfLfJ6lHJCCFRkmhxQU6g9f0cHxQ08rmHPo6CvcPoPa67Ii5l8Ddie%2F6MeEg1JsROV7kMCvntF9CrUQIlDXu9Isnmhp37UwKUjwH4hzeusDdeT9DyaYBrDvv3wOAopdtaNfpGlr92iDYEgR0kvk9g%2F9qe%2BBEwJv4W%2BVmsTVKinkgAMdhUFzdhdafyQlcmeKUNyqfNgR00QuYk%2Fqo%2FGeOwH73QCPVByVWDrBTlEk7AE4ra7O5ZoN5EARuvgoEWecLqJquq5Q%3D%3D","environmentVariables":{"FIREBASE_CONFIG":"{\"projectId\":\"virtualhockey\",\"storageBucket\":\"virtualhockey.appspot.com\",\"locationId\":\"us-central\"}"},"runtime":"nodejs12","ingressSettings":"ALLOW_ALL","buildId":"7c6cd96e-1623-4630-89ca-e46d75edcf70"},"versionId":"5","updateTime":"2021-06-04T17:24:29Z","buildId":"4ca16731-8257-4c49-9a4f-08aef7c48bc8","buildName":"projects/405449447383/locations/us-central1/builds/4ca16731-8257-4c49-9a4f-08aef7c48bc8"}}
[debug] [2021-06-04T17:29:29.935Z] ----------------------------------------------------------------------
[debug] [2021-06-04T17:29:29.937Z] Command:       C:\Program Files\nodejs\node.exe C:\Users\Santiago\AppData\Roaming\npm\node_modules\firebase-tools\lib\bin\firebase.js deploy --only functions
[debug] [2021-06-04T17:29:29.937Z] CLI Version:   9.10.2
[debug] [2021-06-04T17:29:29.937Z] Platform:      win32
[debug] [2021-06-04T17:29:29.937Z] Node Version:  v12.16.0
[debug] [2021-06-04T17:29:29.939Z] Time:          Fri Jun 04 2021 14:29:29 GMT-0300 (GMT-03:00)
[debug] [2021-06-04T17:29:29.939Z] ----------------------------------------------------------------------
[debug] 
[debug] [2021-06-04T17:29:29.949Z] > command requires scopes: ["email","openid","https://www.googleapis.com/auth/cloudplatformprojects.readonly","https://www.googleapis.com/auth/firebase","https://www.googleapis.com/auth/cloud-platform"]
[debug] [2021-06-04T17:29:29.949Z] > authorizing via signed-in user (diuk.frias.santiago@gmail.com)
[debug] [2021-06-04T17:29:29.949Z] [iam] checking project virtualhockey for permissions ["cloudfunctions.functions.create","cloudfunctions.functions.delete","cloudfunctions.functions.get","cloudfunctions.functions.list","cloudfunctions.functions.update","cloudfunctions.operations.get","firebase.projects.get"]
[debug] [2021-06-04T17:29:29.951Z] > refreshing access token with scopes: ["email","https://www.googleapis.com/auth/cloud-platform","https://www.googleapis.com/auth/cloudplatformprojects.readonly","https://www.googleapis.com/auth/firebase","openid"]
[debug] [2021-06-04T17:29:29.952Z] >>> HTTP REQUEST POST https://www.googleapis.com/oauth2/v3/token  
 <request body omitted>
[debug] [2021-06-04T17:29:30.143Z] <<< HTTP RESPONSE 200 {"pragma":"no-cache","cache-control":"no-cache, no-store, max-age=0, must-revalidate","date":"Fri, 04 Jun 2021 17:29:27 GMT","expires":"Mon, 01 Jan 1990 00:00:00 GMT","content-type":"application/json; charset=utf-8","vary":"X-Origin, Referer, Origin,Accept-Encoding","server":"scaffolding on HTTPServer2","x-xss-protection":"0","x-frame-options":"SAMEORIGIN","x-content-type-options":"nosniff","alt-svc":"h3-29=\":443\"; ma=2592000,h3-T051=\":443\"; ma=2592000,h3-Q050=\":443\"; ma=2592000,h3-Q046=\":443\"; ma=2592000,h3-Q043=\":443\"; ma=2592000,quic=\":443\"; ma=2592000; v=\"46,43\"","accept-ranges":"none","transfer-encoding":"chunked"}
[debug] [2021-06-04T17:29:30.160Z] >>> HTTP REQUEST POST https://cloudresourcemanager.googleapis.com/v1/projects/virtualhockey:testIamPermissions  
 {"permissions":["cloudfunctions.functions.create","cloudfunctions.functions.delete","cloudfunctions.functions.get","cloudfunctions.functions.list","cloudfunctions.functions.update","cloudfunctions.operations.get","firebase.projects.get"]}
[debug] [2021-06-04T17:29:31.199Z] <<< HTTP RESPONSE 200 {"content-type":"application/json; charset=UTF-8","vary":"X-Origin, Referer, Origin,Accept-Encoding","date":"Fri, 04 Jun 2021 17:29:28 GMT","server":"ESF","cache-control":"private","x-xss-protection":"0","x-frame-options":"SAMEORIGIN","x-content-type-options":"nosniff","server-timing":"gfet4t7; dur=912","alt-svc":"h3-29=\":443\"; ma=2592000,h3-T051=\":443\"; ma=2592000,h3-Q050=\":443\"; ma=2592000,h3-Q046=\":443\"; ma=2592000,h3-Q043=\":443\"; ma=2592000,quic=\":443\"; ma=2592000; v=\"46,43\"","accept-ranges":"none","transfer-encoding":"chunked"}
[debug] [2021-06-04T17:29:31.201Z] >>> HTTP REQUEST POST https://iam.googleapis.com/v1/projects/virtualhockey/serviceAccounts/virtualhockey@appspot.gserviceaccount.com:testIamPermissions  
 {"permissions":["iam.serviceAccounts.actAs"]}
[debug] [2021-06-04T17:29:32.240Z] <<< HTTP RESPONSE 200 {"content-type":"application/json; charset=UTF-8","vary":"X-Origin, Referer, Origin,Accept-Encoding","date":"Fri, 04 Jun 2021 17:29:29 GMT","server":"ESF","cache-control":"private","x-xss-protection":"0","x-frame-options":"SAMEORIGIN","x-content-type-options":"nosniff","alt-svc":"h3-29=\":443\"; ma=2592000,h3-T051=\":443\"; ma=2592000,h3-Q050=\":443\"; ma=2592000,h3-Q046=\":443\"; ma=2592000,h3-Q043=\":443\"; ma=2592000,quic=\":443\"; ma=2592000; v=\"46,43\"","accept-ranges":"none","transfer-encoding":"chunked"}
[warn] !  functions: package.json indicates an outdated version of firebase-functions.
Please upgrade using npm install --save firebase-functions@latest in your functions directory. 
[info] 
[info] === Deploying to 'virtualhockey'...
[info] 
[info] i  deploying functions 
[info] i  functions: ensuring required API cloudfunctions.googleapis.com is enabled... 
[info] i  functions: ensuring required API cloudbuild.googleapis.com is enabled... 
[debug] [2021-06-04T17:29:36.664Z] >>> HTTP REQUEST GET https://serviceusage.googleapis.com/v1/projects/virtualhockey/services/cloudfunctions.googleapis.com  
 
[debug] [2021-06-04T17:29:36.665Z] >>> HTTP REQUEST GET https://serviceusage.googleapis.com/v1/projects/virtualhockey/services/runtimeconfig.googleapis.com  
 
[debug] [2021-06-04T17:29:36.665Z] >>> HTTP REQUEST GET https://serviceusage.googleapis.com/v1/projects/virtualhockey/services/cloudbuild.googleapis.com  
 
[debug] [2021-06-04T17:29:37.943Z] <<< HTTP RESPONSE 200 {"content-type":"application/json; charset=UTF-8","vary":"X-Origin, Referer, Origin,Accept-Encoding","date":"Fri, 04 Jun 2021 17:29:34 GMT","server":"ESF","cache-control":"private","x-xss-protection":"0","x-frame-options":"SAMEORIGIN","x-content-type-options":"nosniff","alt-svc":"h3-29=\":443\"; ma=2592000,h3-T051=\":443\"; ma=2592000,h3-Q050=\":443\"; ma=2592000,h3-Q046=\":443\"; ma=2592000,h3-Q043=\":443\"; ma=2592000,quic=\":443\"; ma=2592000; v=\"46,43\"","accept-ranges":"none","transfer-encoding":"chunked"}
[debug] [2021-06-04T17:29:37.963Z] <<< HTTP RESPONSE 200 {"content-type":"application/json; charset=UTF-8","vary":"X-Origin, Referer, Origin,Accept-Encoding","date":"Fri, 04 Jun 2021 17:29:34 GMT","server":"ESF","cache-control":"private","x-xss-protection":"0","x-frame-options":"SAMEORIGIN","x-content-type-options":"nosniff","alt-svc":"h3-29=\":443\"; ma=2592000,h3-T051=\":443\"; ma=2592000,h3-Q050=\":443\"; ma=2592000,h3-Q046=\":443\"; ma=2592000,h3-Q043=\":443\"; ma=2592000,quic=\":443\"; ma=2592000; v=\"46,43\"","accept-ranges":"none","transfer-encoding":"chunked"}
[info] +  functions: required API cloudbuild.googleapis.com is enabled 
[debug] [2021-06-04T17:29:37.981Z] <<< HTTP RESPONSE 200 {"content-type":"application/json; charset=UTF-8","vary":"X-Origin, Referer, Origin,Accept-Encoding","date":"Fri, 04 Jun 2021 17:29:34 GMT","server":"ESF","cache-control":"private","x-xss-protection":"0","x-frame-options":"SAMEORIGIN","x-content-type-options":"nosniff","alt-svc":"h3-29=\":443\"; ma=2592000,h3-T051=\":443\"; ma=2592000,h3-Q050=\":443\"; ma=2592000,h3-Q046=\":443\"; ma=2592000,h3-Q043=\":443\"; ma=2592000,quic=\":443\"; ma=2592000; v=\"46,43\"","accept-ranges":"none","transfer-encoding":"chunked"}
[info] +  functions: required API cloudfunctions.googleapis.com is enabled 
[debug] [2021-06-04T17:29:37.982Z] >>> HTTP REQUEST GET https://firebase.googleapis.com/v1beta1/projects/virtualhockey/adminSdkConfig  
 
